<?xml version="1.0" encoding="UTF-8"?>
<testng-results skipped="0" failed="0" ignored="0" total="1" passed="1">
  <reporter-output>
  </reporter-output>
  <suite name="Default suite" duration-ms="21514" started-at="2018-06-30T00:32:19Z" finished-at="2018-06-30T00:32:40Z">
    <groups>
    </groups>
    <test name="Default test" duration-ms="21514" started-at="2018-06-30T00:32:19Z" finished-at="2018-06-30T00:32:40Z">
      <class name="testCases.NewUser">
        <test-method status="PASS" signature="Startup()[pri:0, instance:testCases.NewUser@8bd1b6a]" name="Startup" is-config="true" duration-ms="3967" started-at="2018-06-30T00:32:19Z" finished-at="2018-06-30T00:32:23Z">
          <reporter-output>
          </reporter-output>
        </test-method> <!-- Startup -->
        <test-method status="PASS" signature="CreateAccount()[pri:0, instance:testCases.NewUser@8bd1b6a]" name="CreateAccount" duration-ms="16877" started-at="2018-06-30T00:32:23Z" finished-at="2018-06-30T00:32:40Z">
          <reporter-output>
          </reporter-output>
        </test-method> <!-- CreateAccount -->
        <test-method status="PASS" signature="EndTest()[pri:0, instance:testCases.NewUser@8bd1b6a]" name="EndTest" is-config="true" duration-ms="648" started-at="2018-06-30T00:32:40Z" finished-at="2018-06-30T00:32:40Z">
          <reporter-output>
          </reporter-output>
        </test-method> <!-- EndTest -->
      </class> <!-- testCases.NewUser -->
    </test> <!-- Default test -->
  </suite> <!-- Default suite -->
</testng-results>
